********************************************************************************
* Unified simulation Tcl App stack trace dump
*
* File: .usf.tcl_error.log (Fri Jun  7 12:49:10 2024)
*
* This file is generated by the unified simulation automation and contains the
* tcl stack trace of error returned by the simulator App for the current run.
*
********************************************************************************
expected boolean value but got ""
    while executing
"if { $b_no_sort || $nosort_param || ({DisplayOnly} == $a_sim_vars(src_mgmt_mode)) || ({None} == $a_sim_vars(src_mgmt_mode)) } {
    puts $fh_vlog "\n#..."
    (procedure "usf_xsim_write_verilog_prj" line 90)
    invoked from within
"usf_xsim_write_verilog_prj $b_contain_verilog_srcs $fh_scr"
    (procedure "usf_xsim_write_compile_script" line 83)
    invoked from within
"usf_xsim_write_compile_script scr_filename"
    (procedure "tclapp::xilinx::xsim::compile" line 10)
    invoked from within
"tclapp::xilinx::xsim::compile { -simset sim_1 -mode behavioral -run_dir {C:/Users/user/Documents/nguyen vivado/debouncer/debouncer.sim/sim_1/behav/xsi..."
